-------------------------------------------------------------------------------
Test set: com.watson.AppTest
-------------------------------------------------------------------------------
Tests run: 101, Failures: 0, Errors: 101, Skipped: 0, Time elapsed: 0.233 s <<< FAILURE! - in com.watson.AppTest
test100(com.watson.AppTest)  Time elapsed: 0.014 s  <<< ERROR!
java.lang.ArrayIndexOutOfBoundsException: Index 1 out of bounds for length 1
	at com.watson.AppTest.test100(AppTest.java:3478)

testAll(com.watson.AppTest)  Time elapsed: 0.082 s  <<< ERROR!
java.lang.ArrayIndexOutOfBoundsException: Index 1 out of bounds for length 1
	at com.watson.AppTest.testAll(AppTest.java:70)

test10(com.watson.AppTest)  Time elapsed: 0.001 s  <<< ERROR!
java.lang.ArrayIndexOutOfBoundsException: Index 1 out of bounds for length 1
	at com.watson.AppTest.test10(AppTest.java:418)

test11(com.watson.AppTest)  Time elapsed: 0.001 s  <<< ERROR!
java.lang.ArrayIndexOutOfBoundsException: Index 1 out of bounds for length 1
	at com.watson.AppTest.test11(AppTest.java:452)

test12(com.watson.AppTest)  Time elapsed: 0.001 s  <<< ERROR!
java.lang.ArrayIndexOutOfBoundsException: Index 1 out of bounds for length 1
	at com.watson.AppTest.test12(AppTest.java:486)

test13(com.watson.AppTest)  Time elapsed: 0 s  <<< ERROR!
java.lang.ArrayIndexOutOfBoundsException: Index 1 out of bounds for length 1
	at com.watson.AppTest.test13(AppTest.java:520)

test14(com.watson.AppTest)  Time elapsed: 0 s  <<< ERROR!
java.lang.ArrayIndexOutOfBoundsException: Index 1 out of bounds for length 1
	at com.watson.AppTest.test14(AppTest.java:554)

test15(com.watson.AppTest)  Time elapsed: 0.001 s  <<< ERROR!
java.lang.ArrayIndexOutOfBoundsException: Index 1 out of bounds for length 1
	at com.watson.AppTest.test15(AppTest.java:588)

test16(com.watson.AppTest)  Time elapsed: 0.001 s  <<< ERROR!
java.lang.ArrayIndexOutOfBoundsException: Index 1 out of bounds for length 1
	at com.watson.AppTest.test16(AppTest.java:622)

test17(com.watson.AppTest)  Time elapsed: 0.001 s  <<< ERROR!
java.lang.ArrayIndexOutOfBoundsException: Index 1 out of bounds for length 1
	at com.watson.AppTest.test17(AppTest.java:656)

test18(com.watson.AppTest)  Time elapsed: 0.001 s  <<< ERROR!
java.lang.ArrayIndexOutOfBoundsException: Index 1 out of bounds for length 1
	at com.watson.AppTest.test18(AppTest.java:690)

test19(com.watson.AppTest)  Time elapsed: 0 s  <<< ERROR!
java.lang.ArrayIndexOutOfBoundsException: Index 1 out of bounds for length 1
	at com.watson.AppTest.test19(AppTest.java:724)

test20(com.watson.AppTest)  Time elapsed: 0 s  <<< ERROR!
java.lang.ArrayIndexOutOfBoundsException: Index 1 out of bounds for length 1
	at com.watson.AppTest.test20(AppTest.java:758)

test21(com.watson.AppTest)  Time elapsed: 0.001 s  <<< ERROR!
java.lang.ArrayIndexOutOfBoundsException: Index 1 out of bounds for length 1
	at com.watson.AppTest.test21(AppTest.java:792)

test22(com.watson.AppTest)  Time elapsed: 0 s  <<< ERROR!
java.lang.ArrayIndexOutOfBoundsException: Index 1 out of bounds for length 1
	at com.watson.AppTest.test22(AppTest.java:826)

test23(com.watson.AppTest)  Time elapsed: 0.001 s  <<< ERROR!
java.lang.ArrayIndexOutOfBoundsException: Index 1 out of bounds for length 1
	at com.watson.AppTest.test23(AppTest.java:860)

test24(com.watson.AppTest)  Time elapsed: 0 s  <<< ERROR!
java.lang.ArrayIndexOutOfBoundsException: Index 1 out of bounds for length 1
	at com.watson.AppTest.test24(AppTest.java:894)

test25(com.watson.AppTest)  Time elapsed: 0 s  <<< ERROR!
java.lang.ArrayIndexOutOfBoundsException: Index 1 out of bounds for length 1
	at com.watson.AppTest.test25(AppTest.java:928)

test26(com.watson.AppTest)  Time elapsed: 0 s  <<< ERROR!
java.lang.ArrayIndexOutOfBoundsException: Index 1 out of bounds for length 1
	at com.watson.AppTest.test26(AppTest.java:962)

test27(com.watson.AppTest)  Time elapsed: 0.001 s  <<< ERROR!
java.lang.ArrayIndexOutOfBoundsException: Index 1 out of bounds for length 1
	at com.watson.AppTest.test27(AppTest.java:996)

test28(com.watson.AppTest)  Time elapsed: 0.001 s  <<< ERROR!
java.lang.ArrayIndexOutOfBoundsException: Index 1 out of bounds for length 1
	at com.watson.AppTest.test28(AppTest.java:1030)

test29(com.watson.AppTest)  Time elapsed: 0 s  <<< ERROR!
java.lang.ArrayIndexOutOfBoundsException: Index 1 out of bounds for length 1
	at com.watson.AppTest.test29(AppTest.java:1064)

test30(com.watson.AppTest)  Time elapsed: 0.001 s  <<< ERROR!
java.lang.ArrayIndexOutOfBoundsException: Index 1 out of bounds for length 1
	at com.watson.AppTest.test30(AppTest.java:1098)

test31(com.watson.AppTest)  Time elapsed: 0.001 s  <<< ERROR!
java.lang.ArrayIndexOutOfBoundsException: Index 1 out of bounds for length 1
	at com.watson.AppTest.test31(AppTest.java:1132)

test32(com.watson.AppTest)  Time elapsed: 0 s  <<< ERROR!
java.lang.ArrayIndexOutOfBoundsException: Index 1 out of bounds for length 1
	at com.watson.AppTest.test32(AppTest.java:1166)

test33(com.watson.AppTest)  Time elapsed: 0 s  <<< ERROR!
java.lang.ArrayIndexOutOfBoundsException: Index 1 out of bounds for length 1
	at com.watson.AppTest.test33(AppTest.java:1200)

test34(com.watson.AppTest)  Time elapsed: 0.001 s  <<< ERROR!
java.lang.ArrayIndexOutOfBoundsException: Index 1 out of bounds for length 1
	at com.watson.AppTest.test34(AppTest.java:1234)

test35(com.watson.AppTest)  Time elapsed: 0 s  <<< ERROR!
java.lang.ArrayIndexOutOfBoundsException: Index 1 out of bounds for length 1
	at com.watson.AppTest.test35(AppTest.java:1268)

test36(com.watson.AppTest)  Time elapsed: 0.001 s  <<< ERROR!
java.lang.ArrayIndexOutOfBoundsException: Index 1 out of bounds for length 1
	at com.watson.AppTest.test36(AppTest.java:1302)

test37(com.watson.AppTest)  Time elapsed: 0 s  <<< ERROR!
java.lang.ArrayIndexOutOfBoundsException: Index 1 out of bounds for length 1
	at com.watson.AppTest.test37(AppTest.java:1336)

test38(com.watson.AppTest)  Time elapsed: 0.001 s  <<< ERROR!
java.lang.ArrayIndexOutOfBoundsException: Index 1 out of bounds for length 1
	at com.watson.AppTest.test38(AppTest.java:1370)

test39(com.watson.AppTest)  Time elapsed: 0 s  <<< ERROR!
java.lang.ArrayIndexOutOfBoundsException: Index 1 out of bounds for length 1
	at com.watson.AppTest.test39(AppTest.java:1404)

test40(com.watson.AppTest)  Time elapsed: 0.001 s  <<< ERROR!
java.lang.ArrayIndexOutOfBoundsException: Index 1 out of bounds for length 1
	at com.watson.AppTest.test40(AppTest.java:1438)

test41(com.watson.AppTest)  Time elapsed: 0 s  <<< ERROR!
java.lang.ArrayIndexOutOfBoundsException: Index 1 out of bounds for length 1
	at com.watson.AppTest.test41(AppTest.java:1472)

test42(com.watson.AppTest)  Time elapsed: 0 s  <<< ERROR!
java.lang.ArrayIndexOutOfBoundsException: Index 1 out of bounds for length 1
	at com.watson.AppTest.test42(AppTest.java:1506)

test43(com.watson.AppTest)  Time elapsed: 0.001 s  <<< ERROR!
java.lang.ArrayIndexOutOfBoundsException: Index 1 out of bounds for length 1
	at com.watson.AppTest.test43(AppTest.java:1540)

test44(com.watson.AppTest)  Time elapsed: 0.001 s  <<< ERROR!
java.lang.ArrayIndexOutOfBoundsException: Index 1 out of bounds for length 1
	at com.watson.AppTest.test44(AppTest.java:1574)

test45(com.watson.AppTest)  Time elapsed: 0 s  <<< ERROR!
java.lang.ArrayIndexOutOfBoundsException: Index 1 out of bounds for length 1
	at com.watson.AppTest.test45(AppTest.java:1608)

test46(com.watson.AppTest)  Time elapsed: 0 s  <<< ERROR!
java.lang.ArrayIndexOutOfBoundsException: Index 1 out of bounds for length 1
	at com.watson.AppTest.test46(AppTest.java:1642)

test47(com.watson.AppTest)  Time elapsed: 0.001 s  <<< ERROR!
java.lang.ArrayIndexOutOfBoundsException: Index 1 out of bounds for length 1
	at com.watson.AppTest.test47(AppTest.java:1676)

test48(com.watson.AppTest)  Time elapsed: 0 s  <<< ERROR!
java.lang.ArrayIndexOutOfBoundsException: Index 1 out of bounds for length 1
	at com.watson.AppTest.test48(AppTest.java:1710)

test49(com.watson.AppTest)  Time elapsed: 0 s  <<< ERROR!
java.lang.ArrayIndexOutOfBoundsException: Index 1 out of bounds for length 1
	at com.watson.AppTest.test49(AppTest.java:1744)

test50(com.watson.AppTest)  Time elapsed: 0 s  <<< ERROR!
java.lang.ArrayIndexOutOfBoundsException: Index 1 out of bounds for length 1
	at com.watson.AppTest.test50(AppTest.java:1778)

test51(com.watson.AppTest)  Time elapsed: 0 s  <<< ERROR!
java.lang.ArrayIndexOutOfBoundsException: Index 1 out of bounds for length 1
	at com.watson.AppTest.test51(AppTest.java:1812)

test52(com.watson.AppTest)  Time elapsed: 0 s  <<< ERROR!
java.lang.ArrayIndexOutOfBoundsException: Index 1 out of bounds for length 1
	at com.watson.AppTest.test52(AppTest.java:1846)

test53(com.watson.AppTest)  Time elapsed: 0 s  <<< ERROR!
java.lang.ArrayIndexOutOfBoundsException: Index 1 out of bounds for length 1
	at com.watson.AppTest.test53(AppTest.java:1880)

test54(com.watson.AppTest)  Time elapsed: 0.001 s  <<< ERROR!
java.lang.ArrayIndexOutOfBoundsException: Index 1 out of bounds for length 1
	at com.watson.AppTest.test54(AppTest.java:1914)

test55(com.watson.AppTest)  Time elapsed: 0 s  <<< ERROR!
java.lang.ArrayIndexOutOfBoundsException: Index 1 out of bounds for length 1
	at com.watson.AppTest.test55(AppTest.java:1948)

test56(com.watson.AppTest)  Time elapsed: 0.001 s  <<< ERROR!
java.lang.ArrayIndexOutOfBoundsException: Index 1 out of bounds for length 1
	at com.watson.AppTest.test56(AppTest.java:1982)

test57(com.watson.AppTest)  Time elapsed: 0 s  <<< ERROR!
java.lang.ArrayIndexOutOfBoundsException: Index 1 out of bounds for length 1
	at com.watson.AppTest.test57(AppTest.java:2016)

test58(com.watson.AppTest)  Time elapsed: 0 s  <<< ERROR!
java.lang.ArrayIndexOutOfBoundsException: Index 1 out of bounds for length 1
	at com.watson.AppTest.test58(AppTest.java:2050)

test59(com.watson.AppTest)  Time elapsed: 0.001 s  <<< ERROR!
java.lang.ArrayIndexOutOfBoundsException: Index 1 out of bounds for length 1
	at com.watson.AppTest.test59(AppTest.java:2084)

test60(com.watson.AppTest)  Time elapsed: 0 s  <<< ERROR!
java.lang.ArrayIndexOutOfBoundsException: Index 1 out of bounds for length 1
	at com.watson.AppTest.test60(AppTest.java:2118)

test61(com.watson.AppTest)  Time elapsed: 0 s  <<< ERROR!
java.lang.ArrayIndexOutOfBoundsException: Index 1 out of bounds for length 1
	at com.watson.AppTest.test61(AppTest.java:2152)

test62(com.watson.AppTest)  Time elapsed: 0.001 s  <<< ERROR!
java.lang.ArrayIndexOutOfBoundsException: Index 1 out of bounds for length 1
	at com.watson.AppTest.test62(AppTest.java:2186)

test63(com.watson.AppTest)  Time elapsed: 0.001 s  <<< ERROR!
java.lang.ArrayIndexOutOfBoundsException: Index 1 out of bounds for length 1
	at com.watson.AppTest.test63(AppTest.java:2220)

test64(com.watson.AppTest)  Time elapsed: 0 s  <<< ERROR!
java.lang.ArrayIndexOutOfBoundsException: Index 1 out of bounds for length 1
	at com.watson.AppTest.test64(AppTest.java:2254)

test65(com.watson.AppTest)  Time elapsed: 0 s  <<< ERROR!
java.lang.ArrayIndexOutOfBoundsException: Index 1 out of bounds for length 1
	at com.watson.AppTest.test65(AppTest.java:2288)

test66(com.watson.AppTest)  Time elapsed: 0.001 s  <<< ERROR!
java.lang.ArrayIndexOutOfBoundsException: Index 1 out of bounds for length 1
	at com.watson.AppTest.test66(AppTest.java:2322)

test67(com.watson.AppTest)  Time elapsed: 0 s  <<< ERROR!
java.lang.ArrayIndexOutOfBoundsException: Index 1 out of bounds for length 1
	at com.watson.AppTest.test67(AppTest.java:2356)

test68(com.watson.AppTest)  Time elapsed: 0.001 s  <<< ERROR!
java.lang.ArrayIndexOutOfBoundsException: Index 1 out of bounds for length 1
	at com.watson.AppTest.test68(AppTest.java:2390)

test69(com.watson.AppTest)  Time elapsed: 0.001 s  <<< ERROR!
java.lang.ArrayIndexOutOfBoundsException: Index 1 out of bounds for length 1
	at com.watson.AppTest.test69(AppTest.java:2424)

test70(com.watson.AppTest)  Time elapsed: 0 s  <<< ERROR!
java.lang.ArrayIndexOutOfBoundsException: Index 1 out of bounds for length 1
	at com.watson.AppTest.test70(AppTest.java:2458)

test71(com.watson.AppTest)  Time elapsed: 0 s  <<< ERROR!
java.lang.ArrayIndexOutOfBoundsException: Index 1 out of bounds for length 1
	at com.watson.AppTest.test71(AppTest.java:2492)

test72(com.watson.AppTest)  Time elapsed: 0.001 s  <<< ERROR!
java.lang.ArrayIndexOutOfBoundsException: Index 1 out of bounds for length 1
	at com.watson.AppTest.test72(AppTest.java:2526)

test73(com.watson.AppTest)  Time elapsed: 0.001 s  <<< ERROR!
java.lang.ArrayIndexOutOfBoundsException: Index 1 out of bounds for length 1
	at com.watson.AppTest.test73(AppTest.java:2560)

test74(com.watson.AppTest)  Time elapsed: 0 s  <<< ERROR!
java.lang.ArrayIndexOutOfBoundsException: Index 1 out of bounds for length 1
	at com.watson.AppTest.test74(AppTest.java:2594)

test75(com.watson.AppTest)  Time elapsed: 0.001 s  <<< ERROR!
java.lang.ArrayIndexOutOfBoundsException: Index 1 out of bounds for length 1
	at com.watson.AppTest.test75(AppTest.java:2628)

test76(com.watson.AppTest)  Time elapsed: 0 s  <<< ERROR!
java.lang.ArrayIndexOutOfBoundsException: Index 1 out of bounds for length 1
	at com.watson.AppTest.test76(AppTest.java:2662)

test77(com.watson.AppTest)  Time elapsed: 0 s  <<< ERROR!
java.lang.ArrayIndexOutOfBoundsException: Index 1 out of bounds for length 1
	at com.watson.AppTest.test77(AppTest.java:2696)

test78(com.watson.AppTest)  Time elapsed: 0 s  <<< ERROR!
java.lang.ArrayIndexOutOfBoundsException: Index 1 out of bounds for length 1
	at com.watson.AppTest.test78(AppTest.java:2730)

test79(com.watson.AppTest)  Time elapsed: 0.001 s  <<< ERROR!
java.lang.ArrayIndexOutOfBoundsException: Index 1 out of bounds for length 1
	at com.watson.AppTest.test79(AppTest.java:2764)

test80(com.watson.AppTest)  Time elapsed: 0 s  <<< ERROR!
java.lang.ArrayIndexOutOfBoundsException: Index 1 out of bounds for length 1
	at com.watson.AppTest.test80(AppTest.java:2798)

test81(com.watson.AppTest)  Time elapsed: 0.001 s  <<< ERROR!
java.lang.ArrayIndexOutOfBoundsException: Index 1 out of bounds for length 1
	at com.watson.AppTest.test81(AppTest.java:2832)

test82(com.watson.AppTest)  Time elapsed: 0 s  <<< ERROR!
java.lang.ArrayIndexOutOfBoundsException: Index 1 out of bounds for length 1
	at com.watson.AppTest.test82(AppTest.java:2866)

test83(com.watson.AppTest)  Time elapsed: 0.001 s  <<< ERROR!
java.lang.ArrayIndexOutOfBoundsException: Index 1 out of bounds for length 1
	at com.watson.AppTest.test83(AppTest.java:2900)

test84(com.watson.AppTest)  Time elapsed: 0 s  <<< ERROR!
java.lang.ArrayIndexOutOfBoundsException: Index 1 out of bounds for length 1
	at com.watson.AppTest.test84(AppTest.java:2934)

test85(com.watson.AppTest)  Time elapsed: 0 s  <<< ERROR!
java.lang.ArrayIndexOutOfBoundsException: Index 1 out of bounds for length 1
	at com.watson.AppTest.test85(AppTest.java:2968)

test86(com.watson.AppTest)  Time elapsed: 0.001 s  <<< ERROR!
java.lang.ArrayIndexOutOfBoundsException: Index 1 out of bounds for length 1
	at com.watson.AppTest.test86(AppTest.java:3002)

test87(com.watson.AppTest)  Time elapsed: 0 s  <<< ERROR!
java.lang.ArrayIndexOutOfBoundsException: Index 1 out of bounds for length 1
	at com.watson.AppTest.test87(AppTest.java:3036)

test88(com.watson.AppTest)  Time elapsed: 0.001 s  <<< ERROR!
java.lang.ArrayIndexOutOfBoundsException: Index 1 out of bounds for length 1
	at com.watson.AppTest.test88(AppTest.java:3070)

test89(com.watson.AppTest)  Time elapsed: 0 s  <<< ERROR!
java.lang.ArrayIndexOutOfBoundsException: Index 1 out of bounds for length 1
	at com.watson.AppTest.test89(AppTest.java:3104)

test90(com.watson.AppTest)  Time elapsed: 0.001 s  <<< ERROR!
java.lang.ArrayIndexOutOfBoundsException: Index 1 out of bounds for length 1
	at com.watson.AppTest.test90(AppTest.java:3138)

test91(com.watson.AppTest)  Time elapsed: 0 s  <<< ERROR!
java.lang.ArrayIndexOutOfBoundsException: Index 1 out of bounds for length 1
	at com.watson.AppTest.test91(AppTest.java:3172)

test92(com.watson.AppTest)  Time elapsed: 0 s  <<< ERROR!
java.lang.ArrayIndexOutOfBoundsException: Index 1 out of bounds for length 1
	at com.watson.AppTest.test92(AppTest.java:3206)

test93(com.watson.AppTest)  Time elapsed: 0.001 s  <<< ERROR!
java.lang.ArrayIndexOutOfBoundsException: Index 1 out of bounds for length 1
	at com.watson.AppTest.test93(AppTest.java:3240)

test94(com.watson.AppTest)  Time elapsed: 0.001 s  <<< ERROR!
java.lang.ArrayIndexOutOfBoundsException: Index 1 out of bounds for length 1
	at com.watson.AppTest.test94(AppTest.java:3274)

test95(com.watson.AppTest)  Time elapsed: 0 s  <<< ERROR!
java.lang.ArrayIndexOutOfBoundsException: Index 1 out of bounds for length 1
	at com.watson.AppTest.test95(AppTest.java:3308)

test96(com.watson.AppTest)  Time elapsed: 0.001 s  <<< ERROR!
java.lang.ArrayIndexOutOfBoundsException: Index 1 out of bounds for length 1
	at com.watson.AppTest.test96(AppTest.java:3342)

test97(com.watson.AppTest)  Time elapsed: 0 s  <<< ERROR!
java.lang.ArrayIndexOutOfBoundsException: Index 1 out of bounds for length 1
	at com.watson.AppTest.test97(AppTest.java:3376)

test98(com.watson.AppTest)  Time elapsed: 0.001 s  <<< ERROR!
java.lang.ArrayIndexOutOfBoundsException: Index 1 out of bounds for length 1
	at com.watson.AppTest.test98(AppTest.java:3410)

test99(com.watson.AppTest)  Time elapsed: 0 s  <<< ERROR!
java.lang.ArrayIndexOutOfBoundsException: Index 1 out of bounds for length 1
	at com.watson.AppTest.test99(AppTest.java:3444)

test1(com.watson.AppTest)  Time elapsed: 0 s  <<< ERROR!
java.lang.ArrayIndexOutOfBoundsException: Index 1 out of bounds for length 1
	at com.watson.AppTest.test1(AppTest.java:112)

test2(com.watson.AppTest)  Time elapsed: 0.001 s  <<< ERROR!
java.lang.ArrayIndexOutOfBoundsException: Index 1 out of bounds for length 1
	at com.watson.AppTest.test2(AppTest.java:146)

test3(com.watson.AppTest)  Time elapsed: 0 s  <<< ERROR!
java.lang.ArrayIndexOutOfBoundsException: Index 1 out of bounds for length 1
	at com.watson.AppTest.test3(AppTest.java:180)

test4(com.watson.AppTest)  Time elapsed: 0.001 s  <<< ERROR!
java.lang.ArrayIndexOutOfBoundsException: Index 1 out of bounds for length 1
	at com.watson.AppTest.test4(AppTest.java:214)

test5(com.watson.AppTest)  Time elapsed: 0 s  <<< ERROR!
java.lang.ArrayIndexOutOfBoundsException: Index 1 out of bounds for length 1
	at com.watson.AppTest.test5(AppTest.java:248)

test6(com.watson.AppTest)  Time elapsed: 0.001 s  <<< ERROR!
java.lang.ArrayIndexOutOfBoundsException: Index 1 out of bounds for length 1
	at com.watson.AppTest.test6(AppTest.java:282)

test7(com.watson.AppTest)  Time elapsed: 0 s  <<< ERROR!
java.lang.ArrayIndexOutOfBoundsException: Index 1 out of bounds for length 1
	at com.watson.AppTest.test7(AppTest.java:316)

test8(com.watson.AppTest)  Time elapsed: 0.001 s  <<< ERROR!
java.lang.ArrayIndexOutOfBoundsException: Index 1 out of bounds for length 1
	at com.watson.AppTest.test8(AppTest.java:350)

test9(com.watson.AppTest)  Time elapsed: 0.001 s  <<< ERROR!
java.lang.ArrayIndexOutOfBoundsException: Index 1 out of bounds for length 1
	at com.watson.AppTest.test9(AppTest.java:384)

