<?xml version="1.0" encoding="UTF-8"?>
<testsuite xmlns:xsi="http://www.w3.org/2001/XMLSchema-instance" xsi:noNamespaceSchemaLocation="https://maven.apache.org/surefire/maven-surefire-plugin/xsd/surefire-test-report.xsd" name="com.watson.AppTest" time="0.233" tests="101" errors="101" skipped="0" failures="0">
  <properties>
[...]
</properties>
  <testcase name="test100" classname="com.watson.AppTest" time="0.014">
    <error message="Index 1 out of bounds for length 1" type="java.lang.ArrayIndexOutOfBoundsException">java.lang.ArrayIndexOutOfBoundsException: Index 1 out of bounds for length 1
	at com.watson.AppTest.test100(AppTest.java:3478)
</error>
  </testcase>
  <testcase name="testAll" classname="com.watson.AppTest" time="0.082">
    <error message="Index 1 out of bounds for length 1" type="java.lang.ArrayIndexOutOfBoundsException">java.lang.ArrayIndexOutOfBoundsException: Index 1 out of bounds for length 1
	at com.watson.AppTest.testAll(AppTest.java:70)
</error>
  </testcase>
  <testcase name="test10" classname="com.watson.AppTest" time="0.001">
    <error message="Index 1 out of bounds for length 1" type="java.lang.ArrayIndexOutOfBoundsException">java.lang.ArrayIndexOutOfBoundsException: Index 1 out of bounds for length 1
	at com.watson.AppTest.test10(AppTest.java:418)
</error>
  </testcase>
  <testcase name="test11" classname="com.watson.AppTest" time="0.001">
    <error message="Index 1 out of bounds for length 1" type="java.lang.ArrayIndexOutOfBoundsException">java.lang.ArrayIndexOutOfBoundsException: Index 1 out of bounds for length 1
	at com.watson.AppTest.test11(AppTest.java:452)
</error>
  </testcase>
  <testcase name="test12" classname="com.watson.AppTest" time="0.001">
    <error message="Index 1 out of bounds for length 1" type="java.lang.ArrayIndexOutOfBoundsException">java.lang.ArrayIndexOutOfBoundsException: Index 1 out of bounds for length 1
	at com.watson.AppTest.test12(AppTest.java:486)
</error>
  </testcase>
  <testcase name="test13" classname="com.watson.AppTest" time="0">
    <error message="Index 1 out of bounds for length 1" type="java.lang.ArrayIndexOutOfBoundsException">java.lang.ArrayIndexOutOfBoundsException: Index 1 out of bounds for length 1
	at com.watson.AppTest.test13(AppTest.java:520)
</error>
  </testcase>
  <testcase name="test14" classname="com.watson.AppTest" time="0">
    <error message="Index 1 out of bounds for length 1" type="java.lang.ArrayIndexOutOfBoundsException">java.lang.ArrayIndexOutOfBoundsException: Index 1 out of bounds for length 1
	at com.watson.AppTest.test14(AppTest.java:554)
</error>
  </testcase>
  <testcase name="test15" classname="com.watson.AppTest" time="0.001">
    <error message="Index 1 out of bounds for length 1" type="java.lang.ArrayIndexOutOfBoundsException">java.lang.ArrayIndexOutOfBoundsException: Index 1 out of bounds for length 1
	at com.watson.AppTest.test15(AppTest.java:588)
</error>
  </testcase>
  <testcase name="test16" classname="com.watson.AppTest" time="0.001">
    <error message="Index 1 out of bounds for length 1" type="java.lang.ArrayIndexOutOfBoundsException">java.lang.ArrayIndexOutOfBoundsException: Index 1 out of bounds for length 1
	at com.watson.AppTest.test16(AppTest.java:622)
</error>
  </testcase>
  <testcase name="test17" classname="com.watson.AppTest" time="0.001">
    <error message="Index 1 out of bounds for length 1" type="java.lang.ArrayIndexOutOfBoundsException">java.lang.ArrayIndexOutOfBoundsException: Index 1 out of bounds for length 1
	at com.watson.AppTest.test17(AppTest.java:656)
</error>
  </testcase>
  <testcase name="test18" classname="com.watson.AppTest" time="0.001">
    <error message="Index 1 out of bounds for length 1" type="java.lang.ArrayIndexOutOfBoundsException">java.lang.ArrayIndexOutOfBoundsException: Index 1 out of bounds for length 1
	at com.watson.AppTest.test18(AppTest.java:690)
</error>
  </testcase>
  <testcase name="test19" classname="com.watson.AppTest" time="0">
    <error message="Index 1 out of bounds for length 1" type="java.lang.ArrayIndexOutOfBoundsException">java.lang.ArrayIndexOutOfBoundsException: Index 1 out of bounds for length 1
	at com.watson.AppTest.test19(AppTest.java:724)
</error>
  </testcase>
  <testcase name="test20" classname="com.watson.AppTest" time="0">
    <error message="Index 1 out of bounds for length 1" type="java.lang.ArrayIndexOutOfBoundsException">java.lang.ArrayIndexOutOfBoundsException: Index 1 out of bounds for length 1
	at com.watson.AppTest.test20(AppTest.java:758)
</error>
  </testcase>
  <testcase name="test21" classname="com.watson.AppTest" time="0.001">
    <error message="Index 1 out of bounds for length 1" type="java.lang.ArrayIndexOutOfBoundsException">java.lang.ArrayIndexOutOfBoundsException: Index 1 out of bounds for length 1
	at com.watson.AppTest.test21(AppTest.java:792)
</error>
  </testcase>
  <testcase name="test22" classname="com.watson.AppTest" time="0">
    <error message="Index 1 out of bounds for length 1" type="java.lang.ArrayIndexOutOfBoundsException">java.lang.ArrayIndexOutOfBoundsException: Index 1 out of bounds for length 1
	at com.watson.AppTest.test22(AppTest.java:826)
</error>
  </testcase>
  <testcase name="test23" classname="com.watson.AppTest" time="0.001">
    <error message="Index 1 out of bounds for length 1" type="java.lang.ArrayIndexOutOfBoundsException">java.lang.ArrayIndexOutOfBoundsException: Index 1 out of bounds for length 1
	at com.watson.AppTest.test23(AppTest.java:860)
</error>
  </testcase>
  <testcase name="test24" classname="com.watson.AppTest" time="0">
    <error message="Index 1 out of bounds for length 1" type="java.lang.ArrayIndexOutOfBoundsException">java.lang.ArrayIndexOutOfBoundsException: Index 1 out of bounds for length 1
	at com.watson.AppTest.test24(AppTest.java:894)
</error>
  </testcase>
  <testcase name="test25" classname="com.watson.AppTest" time="0">
    <error message="Index 1 out of bounds for length 1" type="java.lang.ArrayIndexOutOfBoundsException">java.lang.ArrayIndexOutOfBoundsException: Index 1 out of bounds for length 1
	at com.watson.AppTest.test25(AppTest.java:928)
</error>
  </testcase>
  <testcase name="test26" classname="com.watson.AppTest" time="0">
    <error message="Index 1 out of bounds for length 1" type="java.lang.ArrayIndexOutOfBoundsException">java.lang.ArrayIndexOutOfBoundsException: Index 1 out of bounds for length 1
	at com.watson.AppTest.test26(AppTest.java:962)
</error>
  </testcase>
  <testcase name="test27" classname="com.watson.AppTest" time="0.001">
    <error message="Index 1 out of bounds for length 1" type="java.lang.ArrayIndexOutOfBoundsException">java.lang.ArrayIndexOutOfBoundsException: Index 1 out of bounds for length 1
	at com.watson.AppTest.test27(AppTest.java:996)
</error>
  </testcase>
  <testcase name="test28" classname="com.watson.AppTest" time="0.001">
    <error message="Index 1 out of bounds for length 1" type="java.lang.ArrayIndexOutOfBoundsException">java.lang.ArrayIndexOutOfBoundsException: Index 1 out of bounds for length 1
	at com.watson.AppTest.test28(AppTest.java:1030)
</error>
  </testcase>
  <testcase name="test29" classname="com.watson.AppTest" time="0">
    <error message="Index 1 out of bounds for length 1" type="java.lang.ArrayIndexOutOfBoundsException">java.lang.ArrayIndexOutOfBoundsException: Index 1 out of bounds for length 1
	at com.watson.AppTest.test29(AppTest.java:1064)
</error>
  </testcase>
  <testcase name="test30" classname="com.watson.AppTest" time="0.001">
    <error message="Index 1 out of bounds for length 1" type="java.lang.ArrayIndexOutOfBoundsException">java.lang.ArrayIndexOutOfBoundsException: Index 1 out of bounds for length 1
	at com.watson.AppTest.test30(AppTest.java:1098)
</error>
  </testcase>
  <testcase name="test31" classname="com.watson.AppTest" time="0.001">
    <error message="Index 1 out of bounds for length 1" type="java.lang.ArrayIndexOutOfBoundsException">java.lang.ArrayIndexOutOfBoundsException: Index 1 out of bounds for length 1
	at com.watson.AppTest.test31(AppTest.java:1132)
</error>
  </testcase>
  <testcase name="test32" classname="com.watson.AppTest" time="0">
    <error message="Index 1 out of bounds for length 1" type="java.lang.ArrayIndexOutOfBoundsException">java.lang.ArrayIndexOutOfBoundsException: Index 1 out of bounds for length 1
	at com.watson.AppTest.test32(AppTest.java:1166)
</error>
  </testcase>
  <testcase name="test33" classname="com.watson.AppTest" time="0">
    <error message="Index 1 out of bounds for length 1" type="java.lang.ArrayIndexOutOfBoundsException">java.lang.ArrayIndexOutOfBoundsException: Index 1 out of bounds for length 1
	at com.watson.AppTest.test33(AppTest.java:1200)
</error>
  </testcase>
  <testcase name="test34" classname="com.watson.AppTest" time="0.001">
    <error message="Index 1 out of bounds for length 1" type="java.lang.ArrayIndexOutOfBoundsException">java.lang.ArrayIndexOutOfBoundsException: Index 1 out of bounds for length 1
	at com.watson.AppTest.test34(AppTest.java:1234)
</error>
  </testcase>
  <testcase name="test35" classname="com.watson.AppTest" time="0">
    <error message="Index 1 out of bounds for length 1" type="java.lang.ArrayIndexOutOfBoundsException">java.lang.ArrayIndexOutOfBoundsException: Index 1 out of bounds for length 1
	at com.watson.AppTest.test35(AppTest.java:1268)
</error>
  </testcase>
  <testcase name="test36" classname="com.watson.AppTest" time="0.001">
    <error message="Index 1 out of bounds for length 1" type="java.lang.ArrayIndexOutOfBoundsException">java.lang.ArrayIndexOutOfBoundsException: Index 1 out of bounds for length 1
	at com.watson.AppTest.test36(AppTest.java:1302)
</error>
  </testcase>
  <testcase name="test37" classname="com.watson.AppTest" time="0">
    <error message="Index 1 out of bounds for length 1" type="java.lang.ArrayIndexOutOfBoundsException">java.lang.ArrayIndexOutOfBoundsException: Index 1 out of bounds for length 1
	at com.watson.AppTest.test37(AppTest.java:1336)
</error>
  </testcase>
  <testcase name="test38" classname="com.watson.AppTest" time="0.001">
    <error message="Index 1 out of bounds for length 1" type="java.lang.ArrayIndexOutOfBoundsException">java.lang.ArrayIndexOutOfBoundsException: Index 1 out of bounds for length 1
	at com.watson.AppTest.test38(AppTest.java:1370)
</error>
  </testcase>
  <testcase name="test39" classname="com.watson.AppTest" time="0">
    <error message="Index 1 out of bounds for length 1" type="java.lang.ArrayIndexOutOfBoundsException">java.lang.ArrayIndexOutOfBoundsException: Index 1 out of bounds for length 1
	at com.watson.AppTest.test39(AppTest.java:1404)
</error>
  </testcase>
  <testcase name="test40" classname="com.watson.AppTest" time="0.001">
    <error message="Index 1 out of bounds for length 1" type="java.lang.ArrayIndexOutOfBoundsException">java.lang.ArrayIndexOutOfBoundsException: Index 1 out of bounds for length 1
	at com.watson.AppTest.test40(AppTest.java:1438)
</error>
  </testcase>
  <testcase name="test41" classname="com.watson.AppTest" time="0">
    <error message="Index 1 out of bounds for length 1" type="java.lang.ArrayIndexOutOfBoundsException">java.lang.ArrayIndexOutOfBoundsException: Index 1 out of bounds for length 1
	at com.watson.AppTest.test41(AppTest.java:1472)
</error>
  </testcase>
  <testcase name="test42" classname="com.watson.AppTest" time="0">
    <error message="Index 1 out of bounds for length 1" type="java.lang.ArrayIndexOutOfBoundsException">java.lang.ArrayIndexOutOfBoundsException: Index 1 out of bounds for length 1
	at com.watson.AppTest.test42(AppTest.java:1506)
</error>
  </testcase>
  <testcase name="test43" classname="com.watson.AppTest" time="0.001">
    <error message="Index 1 out of bounds for length 1" type="java.lang.ArrayIndexOutOfBoundsException">java.lang.ArrayIndexOutOfBoundsException: Index 1 out of bounds for length 1
	at com.watson.AppTest.test43(AppTest.java:1540)
</error>
  </testcase>
  <testcase name="test44" classname="com.watson.AppTest" time="0.001">
    <error message="Index 1 out of bounds for length 1" type="java.lang.ArrayIndexOutOfBoundsException">java.lang.ArrayIndexOutOfBoundsException: Index 1 out of bounds for length 1
	at com.watson.AppTest.test44(AppTest.java:1574)
</error>
  </testcase>
  <testcase name="test45" classname="com.watson.AppTest" time="0">
    <error message="Index 1 out of bounds for length 1" type="java.lang.ArrayIndexOutOfBoundsException">java.lang.ArrayIndexOutOfBoundsException: Index 1 out of bounds for length 1
	at com.watson.AppTest.test45(AppTest.java:1608)
</error>
  </testcase>
  <testcase name="test46" classname="com.watson.AppTest" time="0">
    <error message="Index 1 out of bounds for length 1" type="java.lang.ArrayIndexOutOfBoundsException">java.lang.ArrayIndexOutOfBoundsException: Index 1 out of bounds for length 1
	at com.watson.AppTest.test46(AppTest.java:1642)
</error>
  </testcase>
  <testcase name="test47" classname="com.watson.AppTest" time="0.001">
    <error message="Index 1 out of bounds for length 1" type="java.lang.ArrayIndexOutOfBoundsException">java.lang.ArrayIndexOutOfBoundsException: Index 1 out of bounds for length 1
	at com.watson.AppTest.test47(AppTest.java:1676)
</error>
  </testcase>
  <testcase name="test48" classname="com.watson.AppTest" time="0">
    <error message="Index 1 out of bounds for length 1" type="java.lang.ArrayIndexOutOfBoundsException">java.lang.ArrayIndexOutOfBoundsException: Index 1 out of bounds for length 1
	at com.watson.AppTest.test48(AppTest.java:1710)
</error>
  </testcase>
  <testcase name="test49" classname="com.watson.AppTest" time="0">
    <error message="Index 1 out of bounds for length 1" type="java.lang.ArrayIndexOutOfBoundsException">java.lang.ArrayIndexOutOfBoundsException: Index 1 out of bounds for length 1
	at com.watson.AppTest.test49(AppTest.java:1744)
</error>
  </testcase>
  <testcase name="test50" classname="com.watson.AppTest" time="0">
    <error message="Index 1 out of bounds for length 1" type="java.lang.ArrayIndexOutOfBoundsException">java.lang.ArrayIndexOutOfBoundsException: Index 1 out of bounds for length 1
	at com.watson.AppTest.test50(AppTest.java:1778)
</error>
  </testcase>
  <testcase name="test51" classname="com.watson.AppTest" time="0">
    <error message="Index 1 out of bounds for length 1" type="java.lang.ArrayIndexOutOfBoundsException">java.lang.ArrayIndexOutOfBoundsException: Index 1 out of bounds for length 1
	at com.watson.AppTest.test51(AppTest.java:1812)
</error>
  </testcase>
  <testcase name="test52" classname="com.watson.AppTest" time="0">
    <error message="Index 1 out of bounds for length 1" type="java.lang.ArrayIndexOutOfBoundsException">java.lang.ArrayIndexOutOfBoundsException: Index 1 out of bounds for length 1
	at com.watson.AppTest.test52(AppTest.java:1846)
</error>
  </testcase>
  <testcase name="test53" classname="com.watson.AppTest" time="0">
    <error message="Index 1 out of bounds for length 1" type="java.lang.ArrayIndexOutOfBoundsException">java.lang.ArrayIndexOutOfBoundsException: Index 1 out of bounds for length 1
	at com.watson.AppTest.test53(AppTest.java:1880)
</error>
  </testcase>
  <testcase name="test54" classname="com.watson.AppTest" time="0.001">
    <error message="Index 1 out of bounds for length 1" type="java.lang.ArrayIndexOutOfBoundsException">java.lang.ArrayIndexOutOfBoundsException: Index 1 out of bounds for length 1
	at com.watson.AppTest.test54(AppTest.java:1914)
</error>
  </testcase>
  <testcase name="test55" classname="com.watson.AppTest" time="0">
    <error message="Index 1 out of bounds for length 1" type="java.lang.ArrayIndexOutOfBoundsException">java.lang.ArrayIndexOutOfBoundsException: Index 1 out of bounds for length 1
	at com.watson.AppTest.test55(AppTest.java:1948)
</error>
  </testcase>
  <testcase name="test56" classname="com.watson.AppTest" time="0.001">
    <error message="Index 1 out of bounds for length 1" type="java.lang.ArrayIndexOutOfBoundsException">java.lang.ArrayIndexOutOfBoundsException: Index 1 out of bounds for length 1
	at com.watson.AppTest.test56(AppTest.java:1982)
</error>
  </testcase>
  <testcase name="test57" classname="com.watson.AppTest" time="0">
    <error message="Index 1 out of bounds for length 1" type="java.lang.ArrayIndexOutOfBoundsException">java.lang.ArrayIndexOutOfBoundsException: Index 1 out of bounds for length 1
	at com.watson.AppTest.test57(AppTest.java:2016)
</error>
  </testcase>
  <testcase name="test58" classname="com.watson.AppTest" time="0">
    <error message="Index 1 out of bounds for length 1" type="java.lang.ArrayIndexOutOfBoundsException">java.lang.ArrayIndexOutOfBoundsException: Index 1 out of bounds for length 1
	at com.watson.AppTest.test58(AppTest.java:2050)
</error>
  </testcase>
  <testcase name="test59" classname="com.watson.AppTest" time="0.001">
    <error message="Index 1 out of bounds for length 1" type="java.lang.ArrayIndexOutOfBoundsException">java.lang.ArrayIndexOutOfBoundsException: Index 1 out of bounds for length 1
	at com.watson.AppTest.test59(AppTest.java:2084)
</error>
  </testcase>
  <testcase name="test60" classname="com.watson.AppTest" time="0">
    <error message="Index 1 out of bounds for length 1" type="java.lang.ArrayIndexOutOfBoundsException">java.lang.ArrayIndexOutOfBoundsException: Index 1 out of bounds for length 1
	at com.watson.AppTest.test60(AppTest.java:2118)
</error>
  </testcase>
  <testcase name="test61" classname="com.watson.AppTest" time="0">
    <error message="Index 1 out of bounds for length 1" type="java.lang.ArrayIndexOutOfBoundsException">java.lang.ArrayIndexOutOfBoundsException: Index 1 out of bounds for length 1
	at com.watson.AppTest.test61(AppTest.java:2152)
</error>
  </testcase>
  <testcase name="test62" classname="com.watson.AppTest" time="0.001">
    <error message="Index 1 out of bounds for length 1" type="java.lang.ArrayIndexOutOfBoundsException">java.lang.ArrayIndexOutOfBoundsException: Index 1 out of bounds for length 1
	at com.watson.AppTest.test62(AppTest.java:2186)
</error>
  </testcase>
  <testcase name="test63" classname="com.watson.AppTest" time="0.001">
    <error message="Index 1 out of bounds for length 1" type="java.lang.ArrayIndexOutOfBoundsException">java.lang.ArrayIndexOutOfBoundsException: Index 1 out of bounds for length 1
	at com.watson.AppTest.test63(AppTest.java:2220)
</error>
  </testcase>
  <testcase name="test64" classname="com.watson.AppTest" time="0">
    <error message="Index 1 out of bounds for length 1" type="java.lang.ArrayIndexOutOfBoundsException">java.lang.ArrayIndexOutOfBoundsException: Index 1 out of bounds for length 1
	at com.watson.AppTest.test64(AppTest.java:2254)
</error>
  </testcase>
  <testcase name="test65" classname="com.watson.AppTest" time="0">
    <error message="Index 1 out of bounds for length 1" type="java.lang.ArrayIndexOutOfBoundsException">java.lang.ArrayIndexOutOfBoundsException: Index 1 out of bounds for length 1
	at com.watson.AppTest.test65(AppTest.java:2288)
</error>
  </testcase>
  <testcase name="test66" classname="com.watson.AppTest" time="0.001">
    <error message="Index 1 out of bounds for length 1" type="java.lang.ArrayIndexOutOfBoundsException">java.lang.ArrayIndexOutOfBoundsException: Index 1 out of bounds for length 1
	at com.watson.AppTest.test66(AppTest.java:2322)
</error>
  </testcase>
  <testcase name="test67" classname="com.watson.AppTest" time="0">
    <error message="Index 1 out of bounds for length 1" type="java.lang.ArrayIndexOutOfBoundsException">java.lang.ArrayIndexOutOfBoundsException: Index 1 out of bounds for length 1
	at com.watson.AppTest.test67(AppTest.java:2356)
</error>
  </testcase>
  <testcase name="test68" classname="com.watson.AppTest" time="0.001">
    <error message="Index 1 out of bounds for length 1" type="java.lang.ArrayIndexOutOfBoundsException">java.lang.ArrayIndexOutOfBoundsException: Index 1 out of bounds for length 1
	at com.watson.AppTest.test68(AppTest.java:2390)
</error>
  </testcase>
  <testcase name="test69" classname="com.watson.AppTest" time="0.001">
    <error message="Index 1 out of bounds for length 1" type="java.lang.ArrayIndexOutOfBoundsException">java.lang.ArrayIndexOutOfBoundsException: Index 1 out of bounds for length 1
	at com.watson.AppTest.test69(AppTest.java:2424)
</error>
  </testcase>
  <testcase name="test70" classname="com.watson.AppTest" time="0">
    <error message="Index 1 out of bounds for length 1" type="java.lang.ArrayIndexOutOfBoundsException">java.lang.ArrayIndexOutOfBoundsException: Index 1 out of bounds for length 1
	at com.watson.AppTest.test70(AppTest.java:2458)
</error>
  </testcase>
  <testcase name="test71" classname="com.watson.AppTest" time="0">
    <error message="Index 1 out of bounds for length 1" type="java.lang.ArrayIndexOutOfBoundsException">java.lang.ArrayIndexOutOfBoundsException: Index 1 out of bounds for length 1
	at com.watson.AppTest.test71(AppTest.java:2492)
</error>
  </testcase>
  <testcase name="test72" classname="com.watson.AppTest" time="0.001">
    <error message="Index 1 out of bounds for length 1" type="java.lang.ArrayIndexOutOfBoundsException">java.lang.ArrayIndexOutOfBoundsException: Index 1 out of bounds for length 1
	at com.watson.AppTest.test72(AppTest.java:2526)
</error>
  </testcase>
  <testcase name="test73" classname="com.watson.AppTest" time="0.001">
    <error message="Index 1 out of bounds for length 1" type="java.lang.ArrayIndexOutOfBoundsException">java.lang.ArrayIndexOutOfBoundsException: Index 1 out of bounds for length 1
	at com.watson.AppTest.test73(AppTest.java:2560)
</error>
  </testcase>
  <testcase name="test74" classname="com.watson.AppTest" time="0">
    <error message="Index 1 out of bounds for length 1" type="java.lang.ArrayIndexOutOfBoundsException">java.lang.ArrayIndexOutOfBoundsException: Index 1 out of bounds for length 1
	at com.watson.AppTest.test74(AppTest.java:2594)
</error>
  </testcase>
  <testcase name="test75" classname="com.watson.AppTest" time="0.001">
    <error message="Index 1 out of bounds for length 1" type="java.lang.ArrayIndexOutOfBoundsException">java.lang.ArrayIndexOutOfBoundsException: Index 1 out of bounds for length 1
	at com.watson.AppTest.test75(AppTest.java:2628)
</error>
  </testcase>
  <testcase name="test76" classname="com.watson.AppTest" time="0">
    <error message="Index 1 out of bounds for length 1" type="java.lang.ArrayIndexOutOfBoundsException">java.lang.ArrayIndexOutOfBoundsException: Index 1 out of bounds for length 1
	at com.watson.AppTest.test76(AppTest.java:2662)
</error>
  </testcase>
  <testcase name="test77" classname="com.watson.AppTest" time="0">
    <error message="Index 1 out of bounds for length 1" type="java.lang.ArrayIndexOutOfBoundsException">java.lang.ArrayIndexOutOfBoundsException: Index 1 out of bounds for length 1
	at com.watson.AppTest.test77(AppTest.java:2696)
</error>
  </testcase>
  <testcase name="test78" classname="com.watson.AppTest" time="0">
    <error message="Index 1 out of bounds for length 1" type="java.lang.ArrayIndexOutOfBoundsException">java.lang.ArrayIndexOutOfBoundsException: Index 1 out of bounds for length 1
	at com.watson.AppTest.test78(AppTest.java:2730)
</error>
  </testcase>
  <testcase name="test79" classname="com.watson.AppTest" time="0.001">
    <error message="Index 1 out of bounds for length 1" type="java.lang.ArrayIndexOutOfBoundsException">java.lang.ArrayIndexOutOfBoundsException: Index 1 out of bounds for length 1
	at com.watson.AppTest.test79(AppTest.java:2764)
</error>
  </testcase>
  <testcase name="test80" classname="com.watson.AppTest" time="0">
    <error message="Index 1 out of bounds for length 1" type="java.lang.ArrayIndexOutOfBoundsException">java.lang.ArrayIndexOutOfBoundsException: Index 1 out of bounds for length 1
	at com.watson.AppTest.test80(AppTest.java:2798)
</error>
  </testcase>
  <testcase name="test81" classname="com.watson.AppTest" time="0.001">
    <error message="Index 1 out of bounds for length 1" type="java.lang.ArrayIndexOutOfBoundsException">java.lang.ArrayIndexOutOfBoundsException: Index 1 out of bounds for length 1
	at com.watson.AppTest.test81(AppTest.java:2832)
</error>
  </testcase>
  <testcase name="test82" classname="com.watson.AppTest" time="0">
    <error message="Index 1 out of bounds for length 1" type="java.lang.ArrayIndexOutOfBoundsException">java.lang.ArrayIndexOutOfBoundsException: Index 1 out of bounds for length 1
	at com.watson.AppTest.test82(AppTest.java:2866)
</error>
  </testcase>
  <testcase name="test83" classname="com.watson.AppTest" time="0.001">
    <error message="Index 1 out of bounds for length 1" type="java.lang.ArrayIndexOutOfBoundsException">java.lang.ArrayIndexOutOfBoundsException: Index 1 out of bounds for length 1
	at com.watson.AppTest.test83(AppTest.java:2900)
</error>
  </testcase>
  <testcase name="test84" classname="com.watson.AppTest" time="0">
    <error message="Index 1 out of bounds for length 1" type="java.lang.ArrayIndexOutOfBoundsException">java.lang.ArrayIndexOutOfBoundsException: Index 1 out of bounds for length 1
	at com.watson.AppTest.test84(AppTest.java:2934)
</error>
  </testcase>
  <testcase name="test85" classname="com.watson.AppTest" time="0">
    <error message="Index 1 out of bounds for length 1" type="java.lang.ArrayIndexOutOfBoundsException">java.lang.ArrayIndexOutOfBoundsException: Index 1 out of bounds for length 1
	at com.watson.AppTest.test85(AppTest.java:2968)
</error>
  </testcase>
  <testcase name="test86" classname="com.watson.AppTest" time="0.001">
    <error message="Index 1 out of bounds for length 1" type="java.lang.ArrayIndexOutOfBoundsException">java.lang.ArrayIndexOutOfBoundsException: Index 1 out of bounds for length 1
	at com.watson.AppTest.test86(AppTest.java:3002)
</error>
  </testcase>
  <testcase name="test87" classname="com.watson.AppTest" time="0">
    <error message="Index 1 out of bounds for length 1" type="java.lang.ArrayIndexOutOfBoundsException">java.lang.ArrayIndexOutOfBoundsException: Index 1 out of bounds for length 1
	at com.watson.AppTest.test87(AppTest.java:3036)
</error>
  </testcase>
  <testcase name="test88" classname="com.watson.AppTest" time="0.001">
    <error message="Index 1 out of bounds for length 1" type="java.lang.ArrayIndexOutOfBoundsException">java.lang.ArrayIndexOutOfBoundsException: Index 1 out of bounds for length 1
	at com.watson.AppTest.test88(AppTest.java:3070)
</error>
  </testcase>
  <testcase name="test89" classname="com.watson.AppTest" time="0">
    <error message="Index 1 out of bounds for length 1" type="java.lang.ArrayIndexOutOfBoundsException">java.lang.ArrayIndexOutOfBoundsException: Index 1 out of bounds for length 1
	at com.watson.AppTest.test89(AppTest.java:3104)
</error>
  </testcase>
  <testcase name="test90" classname="com.watson.AppTest" time="0.001">
    <error message="Index 1 out of bounds for length 1" type="java.lang.ArrayIndexOutOfBoundsException">java.lang.ArrayIndexOutOfBoundsException: Index 1 out of bounds for length 1
	at com.watson.AppTest.test90(AppTest.java:3138)
</error>
  </testcase>
  <testcase name="test91" classname="com.watson.AppTest" time="0">
    <error message="Index 1 out of bounds for length 1" type="java.lang.ArrayIndexOutOfBoundsException">java.lang.ArrayIndexOutOfBoundsException: Index 1 out of bounds for length 1
	at com.watson.AppTest.test91(AppTest.java:3172)
</error>
  </testcase>
  <testcase name="test92" classname="com.watson.AppTest" time="0">
    <error message="Index 1 out of bounds for length 1" type="java.lang.ArrayIndexOutOfBoundsException">java.lang.ArrayIndexOutOfBoundsException: Index 1 out of bounds for length 1
	at com.watson.AppTest.test92(AppTest.java:3206)
</error>
  </testcase>
  <testcase name="test93" classname="com.watson.AppTest" time="0.001">
    <error message="Index 1 out of bounds for length 1" type="java.lang.ArrayIndexOutOfBoundsException">java.lang.ArrayIndexOutOfBoundsException: Index 1 out of bounds for length 1
	at com.watson.AppTest.test93(AppTest.java:3240)
</error>
  </testcase>
  <testcase name="test94" classname="com.watson.AppTest" time="0.001">
    <error message="Index 1 out of bounds for length 1" type="java.lang.ArrayIndexOutOfBoundsException">java.lang.ArrayIndexOutOfBoundsException: Index 1 out of bounds for length 1
	at com.watson.AppTest.test94(AppTest.java:3274)
</error>
  </testcase>
  <testcase name="test95" classname="com.watson.AppTest" time="0">
    <error message="Index 1 out of bounds for length 1" type="java.lang.ArrayIndexOutOfBoundsException">java.lang.ArrayIndexOutOfBoundsException: Index 1 out of bounds for length 1
	at com.watson.AppTest.test95(AppTest.java:3308)
</error>
  </testcase>
  <testcase name="test96" classname="com.watson.AppTest" time="0.001">
    <error message="Index 1 out of bounds for length 1" type="java.lang.ArrayIndexOutOfBoundsException">java.lang.ArrayIndexOutOfBoundsException: Index 1 out of bounds for length 1
	at com.watson.AppTest.test96(AppTest.java:3342)
</error>
  </testcase>
  <testcase name="test97" classname="com.watson.AppTest" time="0">
    <error message="Index 1 out of bounds for length 1" type="java.lang.ArrayIndexOutOfBoundsException">java.lang.ArrayIndexOutOfBoundsException: Index 1 out of bounds for length 1
	at com.watson.AppTest.test97(AppTest.java:3376)
</error>
  </testcase>
  <testcase name="test98" classname="com.watson.AppTest" time="0.001">
    <error message="Index 1 out of bounds for length 1" type="java.lang.ArrayIndexOutOfBoundsException">java.lang.ArrayIndexOutOfBoundsException: Index 1 out of bounds for length 1
	at com.watson.AppTest.test98(AppTest.java:3410)
</error>
  </testcase>
  <testcase name="test99" classname="com.watson.AppTest" time="0">
    <error message="Index 1 out of bounds for length 1" type="java.lang.ArrayIndexOutOfBoundsException">java.lang.ArrayIndexOutOfBoundsException: Index 1 out of bounds for length 1
	at com.watson.AppTest.test99(AppTest.java:3444)
</error>
  </testcase>
  <testcase name="test1" classname="com.watson.AppTest" time="0">
    <error message="Index 1 out of bounds for length 1" type="java.lang.ArrayIndexOutOfBoundsException">java.lang.ArrayIndexOutOfBoundsException: Index 1 out of bounds for length 1
	at com.watson.AppTest.test1(AppTest.java:112)
</error>
  </testcase>
  <testcase name="test2" classname="com.watson.AppTest" time="0.001">
    <error message="Index 1 out of bounds for length 1" type="java.lang.ArrayIndexOutOfBoundsException">java.lang.ArrayIndexOutOfBoundsException: Index 1 out of bounds for length 1
	at com.watson.AppTest.test2(AppTest.java:146)
</error>
  </testcase>
  <testcase name="test3" classname="com.watson.AppTest" time="0">
    <error message="Index 1 out of bounds for length 1" type="java.lang.ArrayIndexOutOfBoundsException">java.lang.ArrayIndexOutOfBoundsException: Index 1 out of bounds for length 1
	at com.watson.AppTest.test3(AppTest.java:180)
</error>
  </testcase>
  <testcase name="test4" classname="com.watson.AppTest" time="0.001">
    <error message="Index 1 out of bounds for length 1" type="java.lang.ArrayIndexOutOfBoundsException">java.lang.ArrayIndexOutOfBoundsException: Index 1 out of bounds for length 1
	at com.watson.AppTest.test4(AppTest.java:214)
</error>
  </testcase>
  <testcase name="test5" classname="com.watson.AppTest" time="0">
    <error message="Index 1 out of bounds for length 1" type="java.lang.ArrayIndexOutOfBoundsException">java.lang.ArrayIndexOutOfBoundsException: Index 1 out of bounds for length 1
	at com.watson.AppTest.test5(AppTest.java:248)
</error>
  </testcase>
  <testcase name="test6" classname="com.watson.AppTest" time="0.001">
    <error message="Index 1 out of bounds for length 1" type="java.lang.ArrayIndexOutOfBoundsException">java.lang.ArrayIndexOutOfBoundsException: Index 1 out of bounds for length 1
	at com.watson.AppTest.test6(AppTest.java:282)
</error>
  </testcase>
  <testcase name="test7" classname="com.watson.AppTest" time="0">
    <error message="Index 1 out of bounds for length 1" type="java.lang.ArrayIndexOutOfBoundsException">java.lang.ArrayIndexOutOfBoundsException: Index 1 out of bounds for length 1
	at com.watson.AppTest.test7(AppTest.java:316)
</error>
  </testcase>
  <testcase name="test8" classname="com.watson.AppTest" time="0.001">
    <error message="Index 1 out of bounds for length 1" type="java.lang.ArrayIndexOutOfBoundsException">java.lang.ArrayIndexOutOfBoundsException: Index 1 out of bounds for length 1
	at com.watson.AppTest.test8(AppTest.java:350)
</error>
  </testcase>
  <testcase name="test9" classname="com.watson.AppTest" time="0.001">
    <error message="Index 1 out of bounds for length 1" type="java.lang.ArrayIndexOutOfBoundsException">java.lang.ArrayIndexOutOfBoundsException: Index 1 out of bounds for length 1
	at com.watson.AppTest.test9(AppTest.java:384)
</error>
  </testcase>
</testsuite>